{"app":"PHP","message":"fopen(\/home\/hkandula\/projects\/myweb\/owncloud\/config\/config.php): failed to open stream: No such file or directory at \/home\/hkandula\/projects\/myweb\/owncloud\/lib\/private\/config.php#141","level":3,"time":"2015-03-12T21:00:43+00:00"}
{"app":"PHP","message":"opendir(\/home\/hkandula\/projects\/myweb\/owncloud\/data\/hkandula\/files_trashbin\/files\/): failed to open dir: No such file or directory at \/home\/hkandula\/projects\/myweb\/owncloud\/lib\/private\/files\/storage\/local.php#75","level":3,"time":"2015-03-13T20:40:59+00:00"}
{"app":"PHP","message":"Declaration of OCA\\TemplateEditor\\Controller\\AdminSettingsController::render() should be compatible with OCP\\AppFramework\\Controller::render($templateName, array $params = Array, $renderAs = 'user', array $headers = Array) at \/home\/hkandula\/projects\/myweb\/owncloud\/apps\/templateeditor\/controller\/adminsettingscontroller.php#31","level":3,"time":"2015-03-13T20:55:28+00:00"}
{"app":"PHP","message":"Declaration of OCA\\TemplateEditor\\Controller\\AdminSettingsController::render() should be compatible with OCP\\AppFramework\\Controller::render($templateName, array $params = Array, $renderAs = 'user', array $headers = Array) at \/home\/hkandula\/projects\/myweb\/owncloud\/apps\/templateeditor\/controller\/adminsettingscontroller.php#31","level":3,"time":"2015-03-13T20:56:02+00:00"}
{"app":"core","message":"Invalid OCS content returned for app files_external","level":4,"time":"2015-03-13T21:00:22+00:00"}
{"app":"PHP","message":"stat(): stat failed for \/media\/hkandula\/VOLUMELABEL\/ at \/home\/hkandula\/projects\/myweb\/owncloud\/lib\/private\/files\/storage\/local.php#91","level":3,"time":"2015-03-13T21:01:46+00:00"}
{"app":"PHP","message":"filesize(): stat failed for \/media\/hkandula\/VOLUMELABEL\/ at \/home\/hkandula\/projects\/myweb\/owncloud\/lib\/private\/largefilehelper.php#179","level":3,"time":"2015-03-13T21:01:46+00:00"}
{"app":"PHP","message":"stat(): stat failed for \/media\/hkandula\/VOLUMELABEL\/ at \/home\/hkandula\/projects\/myweb\/owncloud\/lib\/private\/files\/storage\/local.php#91","level":3,"time":"2015-03-13T21:01:46+00:00"}
{"app":"PHP","message":"filesize(): stat failed for \/media\/hkandula\/VOLUMELABEL\/ at \/home\/hkandula\/projects\/myweb\/owncloud\/lib\/private\/largefilehelper.php#179","level":3,"time":"2015-03-13T21:01:46+00:00"}
{"app":"PHP","message":"stat(): stat failed for \/media\/hkandula\/VOLUMELABEL\/ at \/home\/hkandula\/projects\/myweb\/owncloud\/lib\/private\/files\/storage\/local.php#91","level":3,"time":"2015-03-13T21:03:05+00:00"}
{"app":"PHP","message":"filesize(): stat failed for \/media\/hkandula\/VOLUMELABEL\/ at \/home\/hkandula\/projects\/myweb\/owncloud\/lib\/private\/largefilehelper.php#179","level":3,"time":"2015-03-13T21:03:05+00:00"}
{"app":"PHP","message":"stat(): stat failed for \/media\/hkandula\/VOLUMELABEL\/ at \/home\/hkandula\/projects\/myweb\/owncloud\/lib\/private\/files\/storage\/local.php#91","level":3,"time":"2015-03-13T21:03:05+00:00"}
{"app":"PHP","message":"filesize(): stat failed for \/media\/hkandula\/VOLUMELABEL\/ at \/home\/hkandula\/projects\/myweb\/owncloud\/lib\/private\/largefilehelper.php#179","level":3,"time":"2015-03-13T21:03:05+00:00"}
{"app":"PHP","message":"stat(): stat failed for \/media\/hkandula\/VOLUMELABEL\/ at \/home\/hkandula\/projects\/myweb\/owncloud\/lib\/private\/files\/storage\/local.php#91","level":3,"time":"2015-03-13T21:03:18+00:00"}
{"app":"PHP","message":"filesize(): stat failed for \/media\/hkandula\/VOLUMELABEL\/ at \/home\/hkandula\/projects\/myweb\/owncloud\/lib\/private\/largefilehelper.php#179","level":3,"time":"2015-03-13T21:03:18+00:00"}
{"app":"PHP","message":"stat(): stat failed for \/media\/hkandula\/VOLUMELABEL\/ at \/home\/hkandula\/projects\/myweb\/owncloud\/lib\/private\/files\/storage\/local.php#91","level":3,"time":"2015-03-13T21:03:18+00:00"}
{"app":"PHP","message":"filesize(): stat failed for \/media\/hkandula\/VOLUMELABEL\/ at \/home\/hkandula\/projects\/myweb\/owncloud\/lib\/private\/largefilehelper.php#179","level":3,"time":"2015-03-13T21:03:18+00:00"}
{"app":"PHP","message":"stat(): stat failed for \/media\/hkandula\/V\/ at \/home\/hkandula\/projects\/myweb\/owncloud\/lib\/private\/files\/storage\/local.php#91","level":3,"time":"2015-03-13T21:03:26+00:00"}
{"app":"PHP","message":"filesize(): stat failed for \/media\/hkandula\/V\/ at \/home\/hkandula\/projects\/myweb\/owncloud\/lib\/private\/largefilehelper.php#179","level":3,"time":"2015-03-13T21:03:26+00:00"}
{"app":"PHP","message":"stat(): stat failed for \/media\/hkandula\/V\/ at \/home\/hkandula\/projects\/myweb\/owncloud\/lib\/private\/files\/storage\/local.php#91","level":3,"time":"2015-03-13T21:03:27+00:00"}
{"app":"PHP","message":"filesize(): stat failed for \/media\/hkandula\/V\/ at \/home\/hkandula\/projects\/myweb\/owncloud\/lib\/private\/largefilehelper.php#179","level":3,"time":"2015-03-13T21:03:27+00:00"}
{"app":"PHP","message":"stat(): stat failed for \/media\/hkandula\/VOLUMELABEL\/ at \/home\/hkandula\/projects\/myweb\/owncloud\/lib\/private\/files\/storage\/local.php#91","level":3,"time":"2015-03-13T21:03:36+00:00"}
{"app":"PHP","message":"filesize(): stat failed for \/media\/hkandula\/VOLUMELABEL\/ at \/home\/hkandula\/projects\/myweb\/owncloud\/lib\/private\/largefilehelper.php#179","level":3,"time":"2015-03-13T21:03:36+00:00"}
{"app":"PHP","message":"stat(): stat failed for \/media\/hkandula\/VOLUMELABEL\/ at \/home\/hkandula\/projects\/myweb\/owncloud\/lib\/private\/files\/storage\/local.php#91","level":3,"time":"2015-03-13T21:03:36+00:00"}
{"app":"PHP","message":"filesize(): stat failed for \/media\/hkandula\/VOLUMELABEL\/ at \/home\/hkandula\/projects\/myweb\/owncloud\/lib\/private\/largefilehelper.php#179","level":3,"time":"2015-03-13T21:03:36+00:00"}
